<?xml version="1.0" encoding="UTF-8"?>
<!-- Generated by org.testng.reporters.JUnitReportReporter -->
<testsuite skipped="0" hostname="LAPTOP-09G9S5S4" name="Scripts.SelectCompanyTest" tests="1" failures="0" timestamp="18 Mar 2018 12:06:36 GMT" time="23.811" errors="0">
  <testcase name="SelectCompanyTest" time="23.811" classname="Scripts.SelectCompanyTest"/>
</testsuite> <!-- Scripts.SelectCompanyTest -->
