<?xml version="1.0" encoding="UTF-8"?>
<!-- Generated by org.testng.reporters.JUnitReportReporter -->
<testsuite skipped="0" hostname="LAPTOP-09G9S5S4" name="Scripts.AddHoliday_Test" tests="1" failures="0" timestamp="24 Feb 2018 17:48:08 GMT" time="60.636" errors="0">
  <testcase name="test_AddHoliday_Test" time="60.636" classname="Scripts.AddHoliday_Test"/>
</testsuite> <!-- Scripts.AddHoliday_Test -->
