<?xml version="1.0" encoding="UTF-8"?>
<!-- Generated by org.testng.reporters.JUnitReportReporter -->
<testsuite skipped="0" hostname="LAPTOP-09G9S5S4" name="Scripts.SelectCompanyTest" tests="1" failures="0" timestamp="24 Feb 2018 05:55:35 GMT" time="75.973" errors="0">
  <testcase name="SelectCompanyTest" time="75.973" classname="Scripts.SelectCompanyTest"/>
</testsuite> <!-- Scripts.SelectCompanyTest -->
