<?xml version="1.0" encoding="UTF-8"?>
<!-- Generated by org.testng.reporters.JUnitReportReporter -->
<testsuite skipped="0" hostname="LAPTOP-09G9S5S4" name="Scripts.Login_Test" tests="1" failures="0" timestamp="18 Feb 2018 16:10:05 GMT" time="19.059" errors="0">
  <testcase name="test_Login_Test" time="19.059" classname="Scripts.Login_Test"/>
</testsuite> <!-- Scripts.Login_Test -->
