<?xml version="1.0" encoding="UTF-8"?>
<!-- Generated by org.testng.reporters.JUnitReportReporter -->
<testsuite skipped="0" hostname="LAPTOP-09G9S5S4" name="Scripts.SelectCompanyTest" tests="1" failures="0" timestamp="18 Feb 2018 16:14:36 GMT" time="18.163" errors="0">
  <testcase name="SelectCompanyTest" time="18.163" classname="Scripts.SelectCompanyTest"/>
</testsuite> <!-- Scripts.SelectCompanyTest -->
