<?xml version="1.0" encoding="UTF-8"?>
<!-- Generated by org.testng.reporters.JUnitReportReporter -->
<testsuite skipped="0" hostname="LAPTOP-09G9S5S4" name="Scripts.Lead_Test" tests="1" failures="0" timestamp="03 Mar 2018 10:54:38 GMT" time="37.244" errors="0">
  <testcase name="test_addLead" time="37.244" classname="Scripts.Lead_Test"/>
</testsuite> <!-- Scripts.Lead_Test -->
