<?xml version="1.0" encoding="UTF-8"?>
<!-- Generated by org.testng.reporters.JUnitReportReporter -->
<testsuite skipped="0" hostname="LAPTOP-09G9S5S4" name="Scripts.AddHoliday_Test" tests="1" failures="0" timestamp="04 Mar 2018 13:13:28 GMT" time="5.506" errors="0">
  <testcase name="test_AddHoliday_Test" time="5.506" classname="Scripts.AddHoliday_Test"/>
</testsuite> <!-- Scripts.AddHoliday_Test -->
