<?xml version="1.0" encoding="UTF-8"?>
<!-- Generated by org.testng.reporters.JUnitReportReporter -->
<testsuite skipped="0" hostname="LAPTOP-09G9S5S4" name="Scripts.Login_Test" tests="1" failures="0" timestamp="04 Mar 2018 17:25:46 GMT" time="19.426" errors="0">
  <testcase name="test_Login_Test" time="19.426" classname="Scripts.Login_Test"/>
</testsuite> <!-- Scripts.Login_Test -->
